<?xml version="1.0" encoding="utf-8"?><testsuites name="pytest tests"><testsuite name="pytest" errors="0" failures="0" skipped="0" tests="7" time="1.765" timestamp="2026-03-16T00:07:35.558124+00:00" hostname="agent-env-41a94b0a-1f6d-41ea-87c2-0bfa04f5f55a"><testcase classname="backend.tests.test_pisofi_api" name="test_health_and_root" time="0.265" /><testcase classname="backend.tests.test_pisofi_api" name="test_dashboard_summary_contract" time="0.057" /><testcase classname="backend.tests.test_pisofi_api" name="test_subvendo_crud_create_get_update_delete" time="0.399" /><testcase classname="backend.tests.test_pisofi_api" name="test_voucher_profile_generate_and_redeem_flow" time="0.371" /><testcase classname="backend.tests.test_pisofi_api" name="test_x86_gpio_disabled_behavior" time="0.284" /><testcase classname="backend.tests.test_pisofi_api" name="test_gpio_relay_pulse_and_events" time="0.189" /><testcase classname="backend.tests.test_pisofi_api" name="test_sales_report_and_config_export" time="0.103" /></testsuite></testsuites>